{"level":"info","message":"POST /api/users/login","timestamp":"2024-10-15T14:15:15.745Z"}
{"level":"info","message":"GET /api/orders/670e1e136a66b908c49d7aa2","timestamp":"2024-10-15T14:16:20.131Z"}
{"level":"info","message":"GET /api/orders/670e1e136a66b908c49d7aa2","timestamp":"2024-10-15T14:18:36.175Z"}
{"level":"info","message":"::1 - - [15/Oct/2024:14:20:05 +0000] \"GET /api/orders/670e1e136a66b908c49d7aa2 HTTP/1.1\" 200 20 \"-\" \"PostmanRuntime/7.42.0\"","timestamp":"2024-10-15T14:20:05.496Z"}
{"level":"info","message":"::1 - - [15/Oct/2024:14:29:40 +0000] \"POST /api/users/register HTTP/1.1\" 400 410 \"-\" \"PostmanRuntime/7.42.0\"","timestamp":"2024-10-15T14:29:40.183Z"}
{"level":"info","message":"::1 - - [15/Oct/2024:14:32:46 +0000] \"POST /api/users/register HTTP/1.1\" 400 34 \"-\" \"PostmanRuntime/7.42.0\"","timestamp":"2024-10-15T14:32:46.126Z"}
{"level":"info","message":"::1 - - [15/Oct/2024:14:34:42 +0000] \"POST /api/users/register HTTP/1.1\" 201 320 \"-\" \"PostmanRuntime/7.42.0\"","timestamp":"2024-10-15T14:34:42.609Z"}
{"level":"info","message":"::1 - - [16/Oct/2024:05:13:11 +0000] \"POST /api/users/login HTTP/1.1\" 200 227 \"-\" \"PostmanRuntime/7.42.0\"","timestamp":"2024-10-16T05:13:11.902Z"}
{"level":"info","message":"::1 - - [16/Oct/2024:05:13:54 +0000] \"GET /api/orders/670e1e136a66b908c49d7aa2 HTTP/1.1\" 200 20 \"-\" \"PostmanRuntime/7.42.0\"","timestamp":"2024-10-16T05:13:54.906Z"}
{"level":"info","message":"::1 - - [16/Oct/2024:05:14:02 +0000] \"GET /api/orders/file/670e1e136a66b908c49d7aa2 HTTP/1.1\" 200 - \"-\" \"PostmanRuntime/7.42.0\"","timestamp":"2024-10-16T05:14:02.361Z"}
{"level":"info","message":"::1 - - [16/Oct/2024:05:14:52 +0000] \"POST /api/orders HTTP/1.1\" 400 1202 \"-\" \"PostmanRuntime/7.42.0\"","timestamp":"2024-10-16T05:14:52.981Z"}
{"level":"info","message":"::1 - - [16/Oct/2024:05:17:57 +0000] \"POST /api/orders HTTP/1.1\" 400 804 \"-\" \"PostmanRuntime/7.42.0\"","timestamp":"2024-10-16T05:17:57.247Z"}
{"level":"info","message":"::1 - - [16/Oct/2024:05:18:19 +0000] \"POST /api/orders HTTP/1.1\" 400 804 \"-\" \"PostmanRuntime/7.42.0\"","timestamp":"2024-10-16T05:18:19.295Z"}
{"level":"info","message":"::1 - - [16/Oct/2024:05:37:13 +0000] \"POST /api/orders HTTP/1.1\" 400 804 \"-\" \"PostmanRuntime/7.42.0\"","timestamp":"2024-10-16T05:37:13.354Z"}
{"level":"info","message":"::1 - - [16/Oct/2024:05:38:02 +0000] \"POST /api/orders HTTP/1.1\" 400 804 \"-\" \"PostmanRuntime/7.42.0\"","timestamp":"2024-10-16T05:38:02.408Z"}
{"level":"info","message":"::1 - - [16/Oct/2024:05:39:12 +0000] \"POST /api/orders HTTP/1.1\" 400 804 \"-\" \"PostmanRuntime/7.42.0\"","timestamp":"2024-10-16T05:39:12.872Z"}
{"level":"info","message":"::1 - - [16/Oct/2024:05:39:51 +0000] \"POST /api/orders HTTP/1.1\" 400 804 \"-\" \"PostmanRuntime/7.42.0\"","timestamp":"2024-10-16T05:39:51.523Z"}
{"level":"info","message":"::1 - - [16/Oct/2024:05:41:04 +0000] \"POST /api/orders HTTP/1.1\" 400 804 \"-\" \"PostmanRuntime/7.42.0\"","timestamp":"2024-10-16T05:41:04.224Z"}
{"level":"info","message":"::1 - - [16/Oct/2024:05:43:21 +0000] \"POST /api/orders HTTP/1.1\" 400 804 \"-\" \"PostmanRuntime/7.42.0\"","timestamp":"2024-10-16T05:43:21.453Z"}
{"level":"info","message":"::1 - - [16/Oct/2024:05:49:25 +0000] \"POST /api/orders HTTP/1.1\" 400 804 \"-\" \"PostmanRuntime/7.42.0\"","timestamp":"2024-10-16T05:49:25.671Z"}
{"level":"info","message":"::1 - - [16/Oct/2024:06:09:40 +0000] \"POST /api/orders HTTP/1.1\" 400 804 \"-\" \"PostmanRuntime/7.42.0\"","timestamp":"2024-10-16T06:09:40.094Z"}
{"level":"info","message":"::1 - - [16/Oct/2024:06:10:31 +0000] \"POST /api/orders HTTP/1.1\" 400 804 \"-\" \"PostmanRuntime/7.42.0\"","timestamp":"2024-10-16T06:10:31.694Z"}
{"level":"info","message":"::1 - - [16/Oct/2024:06:11:43 +0000] \"POST /api/orders HTTP/1.1\" 201 345 \"-\" \"PostmanRuntime/7.42.0\"","timestamp":"2024-10-16T06:11:43.297Z"}
{"level":"info","message":"::1 - - [16/Oct/2024:06:13:45 +0000] \"POST /api/orders HTTP/1.1\" 400 28 \"-\" \"PostmanRuntime/7.42.0\"","timestamp":"2024-10-16T06:13:45.060Z"}
{"level":"info","message":"::1 - - [16/Oct/2024:06:13:51 +0000] \"POST /api/users/login HTTP/1.1\" 200 227 \"-\" \"PostmanRuntime/7.42.0\"","timestamp":"2024-10-16T06:13:51.296Z"}
{"level":"info","message":"::1 - - [16/Oct/2024:06:14:09 +0000] \"POST /api/orders HTTP/1.1\" 201 345 \"-\" \"PostmanRuntime/7.42.0\"","timestamp":"2024-10-16T06:14:09.637Z"}
{"level":"info","message":"::1 - - [16/Oct/2024:06:14:48 +0000] \"POST /api/orders HTTP/1.1\" 400 114 \"-\" \"PostmanRuntime/7.42.0\"","timestamp":"2024-10-16T06:14:48.734Z"}
{"level":"info","message":"::1 - - [16/Oct/2024:06:15:36 +0000] \"POST /api/orders HTTP/1.1\" 400 804 \"-\" \"PostmanRuntime/7.42.0\"","timestamp":"2024-10-16T06:15:36.891Z"}
{"level":"info","message":"::1 - - [16/Oct/2024:06:15:49 +0000] \"POST /api/orders HTTP/1.1\" 400 804 \"-\" \"PostmanRuntime/7.42.0\"","timestamp":"2024-10-16T06:15:49.092Z"}
{"level":"info","message":"::1 - - [16/Oct/2024:06:16:17 +0000] \"POST /api/orders HTTP/1.1\" 400 804 \"-\" \"PostmanRuntime/7.42.0\"","timestamp":"2024-10-16T06:16:17.231Z"}
{"level":"info","message":"::1 - - [16/Oct/2024:06:17:04 +0000] \"POST /api/orders HTTP/1.1\" 201 345 \"-\" \"PostmanRuntime/7.42.0\"","timestamp":"2024-10-16T06:17:04.656Z"}
{"level":"info","message":"::1 - - [16/Oct/2024:06:17:16 +0000] \"POST /api/orders HTTP/1.1\" 400 804 \"-\" \"PostmanRuntime/7.42.0\"","timestamp":"2024-10-16T06:17:16.199Z"}
{"level":"info","message":"::1 - - [16/Oct/2024:06:26:23 +0000] \"POST /api/orders HTTP/1.1\" 400 804 \"-\" \"PostmanRuntime/7.42.0\"","timestamp":"2024-10-16T06:26:23.745Z"}
{"level":"info","message":"::1 - - [16/Oct/2024:06:28:17 +0000] \"POST /api/orders HTTP/1.1\" 400 804 \"-\" \"PostmanRuntime/7.42.0\"","timestamp":"2024-10-16T06:28:17.494Z"}
{"level":"info","message":"::1 - - [16/Oct/2024:06:28:32 +0000] \"POST /api/orders HTTP/1.1\" 201 345 \"-\" \"PostmanRuntime/7.42.0\"","timestamp":"2024-10-16T06:28:32.193Z"}
{"level":"info","message":"::1 - - [16/Oct/2024:06:28:41 +0000] \"POST /api/orders HTTP/1.1\" 400 116 \"-\" \"PostmanRuntime/7.42.0\"","timestamp":"2024-10-16T06:28:41.659Z"}
{"level":"info","message":"::1 - - [16/Oct/2024:06:33:17 +0000] \"POST /api/orders HTTP/1.1\" 400 804 \"-\" \"PostmanRuntime/7.42.0\"","timestamp":"2024-10-16T06:33:17.841Z"}
{"level":"info","message":"::1 - - [16/Oct/2024:06:35:19 +0000] \"POST /api/orders HTTP/1.1\" 400 804 \"-\" \"PostmanRuntime/7.42.0\"","timestamp":"2024-10-16T06:35:19.762Z"}
{"level":"info","message":"::1 - - [16/Oct/2024:06:36:03 +0000] \"POST /api/checklists HTTP/1.1\" 400 298 \"-\" \"PostmanRuntime/7.42.0\"","timestamp":"2024-10-16T06:36:03.699Z"}
{"level":"info","message":"::1 - - [16/Oct/2024:06:37:14 +0000] \"POST /api/checklists HTTP/1.1\" 400 28 \"-\" \"PostmanRuntime/7.42.0\"","timestamp":"2024-10-16T06:37:14.537Z"}
{"level":"info","message":"::1 - - [16/Oct/2024:06:37:24 +0000] \"POST /api/users/login HTTP/1.1\" 200 227 \"-\" \"PostmanRuntime/7.42.0\"","timestamp":"2024-10-16T06:37:24.155Z"}
{"level":"info","message":"::1 - - [16/Oct/2024:06:37:46 +0000] \"POST /api/checklists HTTP/1.1\" 201 479 \"-\" \"PostmanRuntime/7.42.0\"","timestamp":"2024-10-16T06:37:46.997Z"}
{"level":"info","message":"::1 - - [16/Oct/2024:06:39:02 +0000] \"POST /api/orders HTTP/1.1\" 201 33551 \"-\" \"PostmanRuntime/7.42.0\"","timestamp":"2024-10-16T06:39:02.890Z"}
{"level":"info","message":"::1 - - [16/Oct/2024:06:40:18 +0000] \"POST /api/orders HTTP/1.1\" 201 33551 \"-\" \"PostmanRuntime/7.42.0\"","timestamp":"2024-10-16T06:40:18.751Z"}
{"level":"info","message":"::1 - - [16/Oct/2024:06:47:00 +0000] \"POST /api/orders HTTP/1.1\" 400 804 \"-\" \"PostmanRuntime/7.42.0\"","timestamp":"2024-10-16T06:47:00.793Z"}
{"level":"info","message":"::1 - - [16/Oct/2024:06:52:01 +0000] \"POST /api/orders HTTP/1.1\" 400 804 \"-\" \"PostmanRuntime/7.42.0\"","timestamp":"2024-10-16T06:52:01.548Z"}
{"level":"info","message":"::1 - - [16/Oct/2024:06:52:18 +0000] \"POST /api/orders HTTP/1.1\" 400 804 \"-\" \"PostmanRuntime/7.42.0\"","timestamp":"2024-10-16T06:52:18.983Z"}
{"level":"info","message":"::1 - - [16/Oct/2024:06:54:25 +0000] \"POST /api/orders HTTP/1.1\" 400 804 \"-\" \"PostmanRuntime/7.42.0\"","timestamp":"2024-10-16T06:54:25.390Z"}
{"level":"info","message":"::1 - - [16/Oct/2024:06:54:41 +0000] \"POST /api/orders HTTP/1.1\" 400 804 \"-\" \"PostmanRuntime/7.42.0\"","timestamp":"2024-10-16T06:54:41.830Z"}
{"level":"info","message":"::1 - - [16/Oct/2024:07:00:38 +0000] \"POST /api/orders HTTP/1.1\" 400 804 \"-\" \"PostmanRuntime/7.42.0\"","timestamp":"2024-10-16T07:00:38.635Z"}
{"level":"info","message":"::1 - - [16/Oct/2024:07:01:11 +0000] \"POST /api/orders HTTP/1.1\" 400 804 \"-\" \"PostmanRuntime/7.42.0\"","timestamp":"2024-10-16T07:01:11.863Z"}
{"level":"info","message":"::1 - - [16/Oct/2024:07:15:10 +0000] \"POST /api/orders HTTP/1.1\" 400 392 \"-\" \"PostmanRuntime/7.42.0\"","timestamp":"2024-10-16T07:15:10.203Z"}
{"level":"info","message":"::1 - - [16/Oct/2024:07:17:11 +0000] \"POST /api/orders HTTP/1.1\" 400 392 \"-\" \"PostmanRuntime/7.42.0\"","timestamp":"2024-10-16T07:17:11.698Z"}
{"level":"info","message":"::1 - - [16/Oct/2024:07:21:42 +0000] \"POST /api/orders HTTP/1.1\" 400 392 \"-\" \"PostmanRuntime/7.42.0\"","timestamp":"2024-10-16T07:21:42.532Z"}
{"level":"info","message":"::1 - - [16/Oct/2024:08:32:11 +0000] \"POST /api/orders HTTP/1.1\" 400 28 \"-\" \"PostmanRuntime/7.42.0\"","timestamp":"2024-10-16T08:32:11.490Z"}
{"level":"info","message":"::1 - - [16/Oct/2024:08:32:19 +0000] \"POST /api/users/login HTTP/1.1\" 200 227 \"-\" \"PostmanRuntime/7.42.0\"","timestamp":"2024-10-16T08:32:19.081Z"}
{"level":"info","message":"::1 - - [16/Oct/2024:08:32:50 +0000] \"POST /api/orders HTTP/1.1\" 400 804 \"-\" \"PostmanRuntime/7.42.0\"","timestamp":"2024-10-16T08:32:50.569Z"}
{"level":"info","message":"::1 - - [16/Oct/2024:08:34:56 +0000] \"POST /api/orders HTTP/1.1\" 201 33551 \"-\" \"PostmanRuntime/7.42.0\"","timestamp":"2024-10-16T08:34:56.083Z"}
{"level":"info","message":"::1 - - [16/Oct/2024:08:36:44 +0000] \"POST /api/orders HTTP/1.1\" 201 33551 \"-\" \"PostmanRuntime/7.42.0\"","timestamp":"2024-10-16T08:36:44.187Z"}
{"level":"info","message":"::1 - - [16/Oct/2024:08:48:01 +0000] \"POST /api/orders HTTP/1.1\" 400 129 \"-\" \"PostmanRuntime/7.42.0\"","timestamp":"2024-10-16T08:48:01.107Z"}
{"level":"info","message":"::1 - - [16/Oct/2024:08:48:22 +0000] \"POST /api/orders HTTP/1.1\" 500 560 \"-\" \"PostmanRuntime/7.42.0\"","timestamp":"2024-10-16T08:48:22.299Z"}
{"level":"info","message":"::1 - - [16/Oct/2024:08:48:31 +0000] \"POST /api/orders HTTP/1.1\" 201 345 \"-\" \"PostmanRuntime/7.42.0\"","timestamp":"2024-10-16T08:48:31.515Z"}
{"level":"info","message":"::ffff:172.18.0.1 - - [16/Oct/2024:12:14:31 +0000] \"POST /api/users/login HTTP/1.1\" 200 227 \"-\" \"PostmanRuntime/7.42.0\"","timestamp":"2024-10-16T12:14:31.892Z"}
{"level":"info","message":"::ffff:172.18.0.1 - - [16/Oct/2024:12:17:05 +0000] \"POST /api/users/login HTTP/1.1\" 200 227 \"-\" \"PostmanRuntime/7.42.0\"","timestamp":"2024-10-16T12:17:05.809Z"}
{"level":"info","message":"::ffff:172.18.0.1 - - [16/Oct/2024:12:51:35 +0000] \"POST /api/users/login HTTP/1.1\" 200 227 \"-\" \"PostmanRuntime/7.42.0\"","timestamp":"2024-10-16T12:51:35.238Z"}
